TN:
SF:/home/labber/scheduler/src/components/Application.js
FN:16,Application
FN:27,(anonymous_1)
FNF:2
FNH:2
FNDA:15,Application
FNDA:18,(anonymous_1)
DA:22,15
DA:24,15
DA:26,15
DA:28,18
DA:41,15
LF:5
LH:5
BRF:0
BRH:0
end_of_record
TN:
SF:/home/labber/scheduler/src/components/Button.js
FN:7,Button
FNF:1
FNH:1
FNDA:44,Button
DA:8,44
DA:13,44
LF:2
LH:2
BRF:0
BRH:0
end_of_record
TN:
SF:/home/labber/scheduler/src/components/DayList.js
FN:5,DayList
FN:6,(anonymous_1)
FNF:2
FNH:2
FNDA:15,DayList
FNDA:18,(anonymous_1)
DA:6,15
DA:7,18
DA:19,15
LF:3
LH:3
BRF:0
BRH:0
end_of_record
TN:
SF:/home/labber/scheduler/src/components/DayListItem.js
FN:6,formatSpots
FN:13,DayListItem
FN:22,(anonymous_2)
FNF:3
FNH:2
FNDA:18,formatSpots
FNDA:18,DayListItem
FNDA:0,(anonymous_2)
DA:7,18
DA:8,17
DA:10,1
DA:14,18
DA:19,18
DA:22,0
LF:6
LH:5
BRDA:7,0,0,1
BRDA:7,0,1,17
BRDA:8,1,0,16
BRDA:8,1,1,1
BRF:4
BRH:4
end_of_record
TN:
SF:/home/labber/scheduler/src/components/InterviewerList.js
FN:8,InterviewerList
FN:9,(anonymous_1)
FN:17,(anonymous_2)
FNF:3
FNH:3
FNDA:22,InterviewerList
FNDA:26,(anonymous_1)
FNDA:3,(anonymous_2)
DA:9,22
DA:10,26
DA:17,3
DA:22,18
DA:30,3
LF:5
LH:5
BRF:0
BRH:0
end_of_record
TN:
SF:/home/labber/scheduler/src/components/InterviewerListItem.js
FN:6,InterviewerItem
FNF:1
FNH:1
FNDA:26,InterviewerItem
DA:7,26
DA:11,26
LF:2
LH:2
BRDA:18,0,0,26
BRDA:18,0,1,9
BRF:2
BRH:2
end_of_record
TN:
SF:/home/labber/scheduler/src/components/Appointment/Confirm.js
FN:5,Confirm
FNF:1
FNH:1
FNDA:2,Confirm
DA:6,2
LF:1
LH:1
BRF:0
BRH:0
end_of_record
TN:
SF:/home/labber/scheduler/src/components/Appointment/Empty.js
FN:3,Empty
FNF:1
FNH:1
FNDA:25,Empty
DA:4,25
LF:1
LH:1
BRF:0
BRH:0
end_of_record
TN:
SF:/home/labber/scheduler/src/components/Appointment/Error.js
FN:3,Error
FNF:1
FNH:1
FNDA:2,Error
DA:4,2
LF:1
LH:1
BRF:0
BRH:0
end_of_record
TN:
SF:/home/labber/scheduler/src/components/Appointment/Form.js
FN:6,Form
FN:15,reset
FN:21,cancel
FN:26,validate
FN:43,(anonymous_4)
FN:51,(anonymous_5)
FNF:6
FNH:5
FNDA:20,Form
FNDA:2,reset
FNDA:2,cancel
FNDA:7,validate
FNDA:0,(anonymous_4)
FNDA:2,(anonymous_5)
DA:9,20
DA:11,20
DA:13,20
DA:16,2
DA:17,2
DA:18,2
DA:22,2
DA:23,2
DA:27,7
DA:28,2
DA:29,2
DA:32,5
DA:33,1
DA:34,1
DA:36,4
DA:37,4
DA:40,20
DA:43,0
DA:52,2
LF:19
LH:18
BRDA:9,0,0,20
BRDA:9,0,1,9
BRDA:11,1,0,20
BRDA:11,1,1,12
BRDA:27,2,0,2
BRDA:27,2,1,5
BRDA:32,3,0,1
BRDA:32,3,1,4
BRF:8
BRH:8
end_of_record
TN:
SF:/home/labber/scheduler/src/components/Appointment/Header.js
FN:3,Header
FNF:1
FNH:1
FNDA:57,Header
DA:4,57
LF:1
LH:1
BRF:0
BRH:0
end_of_record
TN:
SF:/home/labber/scheduler/src/components/Appointment/Show.js
FN:3,Show
FNF:1
FNH:1
FNDA:11,Show
DA:4,11
LF:1
LH:1
BRDA:11,0,0,11
BRDA:11,0,1,11
BRF:2
BRH:2
end_of_record
TN:
SF:/home/labber/scheduler/src/components/Appointment/Status.js
FN:3,Status
FNF:1
FNH:1
FNDA:13,Status
DA:4,13
LF:1
LH:1
BRF:0
BRH:0
end_of_record
TN:
SF:/home/labber/scheduler/src/components/Appointment/index.js
FN:24,Appointment
FN:30,save
FN:40,(anonymous_2)
FN:41,(anonymous_3)
FN:44,destroy
FN:48,(anonymous_5)
FN:49,(anonymous_6)
FN:55,(anonymous_7)
FN:60,(anonymous_8)
FN:61,(anonymous_9)
FN:68,(anonymous_10)
FNF:11
FNH:11
FNDA:57,Appointment
FNDA:3,save
FNDA:2,(anonymous_2)
FNDA:1,(anonymous_3)
FNDA:2,destroy
FNDA:1,(anonymous_5)
FNDA:1,(anonymous_6)
FNDA:1,(anonymous_7)
FNDA:2,(anonymous_8)
FNDA:2,(anonymous_9)
FNDA:1,(anonymous_10)
DA:14,2
DA:15,2
DA:16,2
DA:17,2
DA:18,2
DA:19,2
DA:20,2
DA:21,2
DA:22,2
DA:26,57
DA:31,3
DA:36,3
DA:38,3
DA:40,2
DA:41,1
DA:45,2
DA:46,2
DA:48,1
DA:49,1
DA:52,57
DA:55,1
DA:60,2
DA:61,2
DA:68,1
LF:24
LH:24
BRDA:27,0,0,28
BRDA:27,0,1,29
BRDA:55,1,0,57
BRDA:55,1,1,25
BRDA:56,2,0,57
BRDA:56,2,1,11
BRDA:64,3,0,57
BRDA:64,3,1,1
BRDA:71,4,0,57
BRDA:71,4,1,8
BRDA:74,5,0,57
BRDA:74,5,1,3
BRDA:82,6,0,57
BRDA:82,6,1,5
BRDA:83,7,0,57
BRDA:83,7,1,2
BRDA:90,8,0,57
BRDA:90,8,1,1
BRDA:93,9,0,57
BRDA:93,9,1,1
BRF:20
BRH:20
end_of_record
TN:
SF:/home/labber/scheduler/src/helpers/selectors.js
FN:1,getAppointmentsForDay
FN:2,(anonymous_1)
FN:6,(anonymous_2)
FN:9,getInterviewersForDay
FN:10,(anonymous_4)
FN:14,(anonymous_5)
FN:17,getInterview
FNF:7
FNH:7
FNDA:20,getAppointmentsForDay
FNDA:15,(anonymous_1)
FNDA:26,(anonymous_2)
FNDA:20,getInterviewersForDay
FNDA:15,(anonymous_4)
FNDA:24,(anonymous_5)
FNDA:20,getInterview
DA:2,20
DA:4,20
DA:6,26
DA:10,20
DA:12,20
DA:14,24
DA:18,20
LF:7
LH:7
BRDA:4,0,0,8
BRDA:4,0,1,12
BRDA:4,1,0,20
BRDA:4,1,1,13
BRDA:12,2,0,8
BRDA:12,2,1,12
BRDA:12,3,0,20
BRDA:12,3,1,13
BRDA:19,4,0,20
BRDA:19,4,1,10
BRF:10
BRH:10
end_of_record
TN:
SF:/home/labber/scheduler/src/hooks/useApplicationData.js
FN:13,useApplicationData
FN:21,(anonymous_1)
FN:23,(anonymous_2)
FN:29,(anonymous_3)
FN:41,bookInterview
FN:42,(anonymous_5)
FN:51,cancelInterview
FN:52,(anonymous_7)
FNF:8
FNH:7
FNDA:15,useApplicationData
FNDA:0,(anonymous_1)
FNDA:6,(anonymous_2)
FNDA:6,(anonymous_3)
FNDA:3,bookInterview
FNDA:2,(anonymous_5)
FNDA:2,cancelInterview
FNDA:1,(anonymous_7)
DA:14,15
DA:21,15
DA:23,15
DA:24,6
DA:30,6
DA:39,15
DA:42,3
DA:43,2
DA:52,2
DA:53,1
DA:61,15
LF:11
LH:11
BRF:0
BRH:0
end_of_record
TN:
SF:/home/labber/scheduler/src/hooks/useRealtimeUpdate.js
FN:4,useRealtimeUpdate
FN:5,(anonymous_1)
FN:8,(anonymous_2)
FN:16,(anonymous_3)
FNF:4
FNH:3
FNDA:15,useRealtimeUpdate
FNDA:6,(anonymous_1)
FNDA:0,(anonymous_2)
FNDA:6,(anonymous_3)
DA:5,15
DA:6,6
DA:8,6
DA:9,0
DA:11,0
DA:12,0
DA:16,6
DA:17,6
LF:8
LH:5
BRDA:11,0,0,0
BRDA:11,0,1,0
BRDA:11,1,0,0
BRDA:11,1,1,0
BRF:4
BRH:0
end_of_record
TN:
SF:/home/labber/scheduler/src/hooks/useVisualMode.js
FN:3,useVisualMode
FN:7,(anonymous_1)
FN:10,(anonymous_2)
FN:13,back
FN:15,(anonymous_4)
FNF:5
FNH:5
FNDA:71,useVisualMode
FNDA:20,(anonymous_1)
FNDA:20,(anonymous_2)
FNDA:7,back
FNDA:7,(anonymous_4)
DA:4,71
DA:5,71
DA:7,71
DA:8,20
DA:10,20
DA:14,7
DA:15,7
DA:18,71
LF:8
LH:8
BRDA:7,0,0,15
BRDA:10,1,0,5
BRDA:10,1,1,15
BRDA:14,2,0,7
BRDA:14,2,1,0
BRDA:18,3,0,70
BRDA:18,3,1,1
BRF:7
BRH:6
end_of_record
TN:
SF:/home/labber/scheduler/src/reducers/application.js
FN:5,reducer
FN:27,(anonymous_1)
FN:30,(anonymous_2)
FN:34,(anonymous_3)
FNF:4
FNH:4
FNDA:10,reducer
FNDA:3,(anonymous_1)
FNDA:6,(anonymous_2)
FNDA:6,(anonymous_3)
DA:1,2
DA:2,2
DA:3,2
DA:6,10
DA:8,0
DA:10,6
DA:17,3
DA:22,3
DA:27,3
DA:28,3
DA:30,6
DA:34,3
DA:35,6
DA:43,3
DA:50,1
LF:15
LH:14
BRDA:6,0,0,0
BRDA:6,0,1,6
BRDA:6,0,2,3
BRDA:6,0,3,1
BRDA:19,1,0,3
BRDA:19,1,1,2
BRDA:30,2,0,3
BRDA:30,2,1,3
BRDA:35,3,0,3
BRDA:35,3,1,3
BRF:10
BRH:9
end_of_record
