TN:
SF:/home/labber/scheduler/src/components/Application.js
FN:16,Application
FN:27,(anonymous_1)
FNF:2
FNH:2
FNDA:5,Application
FNDA:6,(anonymous_1)
DA:22,5
DA:24,5
DA:26,5
DA:28,6
DA:41,5
LF:5
LH:5
BRF:0
BRH:0
end_of_record
TN:
SF:/home/labber/scheduler/src/components/Button.js
FN:7,Button
FNF:1
FNH:1
FNDA:30,Button
DA:8,30
DA:13,30
LF:2
LH:2
BRF:0
BRH:0
end_of_record
TN:
SF:/home/labber/scheduler/src/components/DayList.js
FN:5,DayList
FN:6,(anonymous_1)
FNF:2
FNH:2
FNDA:5,DayList
FNDA:6,(anonymous_1)
DA:6,5
DA:7,6
DA:19,5
LF:3
LH:3
BRF:0
BRH:0
end_of_record
TN:
SF:/home/labber/scheduler/src/components/DayListItem.js
FN:6,formatSpots
FN:13,DayListItem
FN:22,(anonymous_2)
FNF:3
FNH:2
FNDA:6,formatSpots
FNDA:6,DayListItem
FNDA:0,(anonymous_2)
DA:7,6
DA:8,5
DA:10,0
DA:14,6
DA:19,6
DA:22,0
LF:6
LH:4
BRDA:7,0,0,1
BRDA:7,0,1,5
BRDA:8,1,0,5
BRDA:8,1,1,0
BRF:4
BRH:3
end_of_record
TN:
SF:/home/labber/scheduler/src/components/InterviewerList.js
FN:8,InterviewerList
FN:9,(anonymous_1)
FN:17,(anonymous_2)
FNF:3
FNH:3
FNDA:17,InterviewerList
FNDA:16,(anonymous_1)
FNDA:1,(anonymous_2)
DA:9,17
DA:10,16
DA:17,1
DA:22,13
DA:30,3
LF:5
LH:5
BRF:0
BRH:0
end_of_record
TN:
SF:/home/labber/scheduler/src/components/InterviewerListItem.js
FN:6,InterviewerItem
FNF:1
FNH:1
FNDA:16,InterviewerItem
DA:7,16
DA:11,16
LF:2
LH:2
BRDA:18,0,0,16
BRDA:18,0,1,4
BRF:2
BRH:2
end_of_record
TN:
SF:/home/labber/scheduler/src/components/Appointment/Confirm.js
FN:5,Confirm
FNF:1
FNH:0
FNDA:0,Confirm
DA:6,0
LF:1
LH:0
BRF:0
BRH:0
end_of_record
TN:
SF:/home/labber/scheduler/src/components/Appointment/Empty.js
FN:3,Empty
FNF:1
FNH:1
FNDA:8,Empty
DA:4,8
LF:1
LH:1
BRF:0
BRH:0
end_of_record
TN:
SF:/home/labber/scheduler/src/components/Appointment/Error.js
FN:3,Error
FNF:1
FNH:0
FNDA:0,Error
DA:4,0
LF:1
LH:0
BRF:0
BRH:0
end_of_record
TN:
SF:/home/labber/scheduler/src/components/Appointment/Form.js
FN:6,Form
FN:15,reset
FN:21,cancel
FN:26,validate
FN:43,(anonymous_4)
FN:51,(anonymous_5)
FNF:6
FNH:5
FNDA:15,Form
FNDA:1,reset
FNDA:1,cancel
FNDA:5,validate
FNDA:0,(anonymous_4)
FNDA:2,(anonymous_5)
DA:9,15
DA:11,15
DA:13,15
DA:16,1
DA:17,1
DA:18,1
DA:22,1
DA:23,1
DA:27,5
DA:28,2
DA:29,2
DA:32,3
DA:33,1
DA:34,1
DA:36,2
DA:37,2
DA:40,15
DA:43,0
DA:52,2
LF:19
LH:18
BRDA:9,0,0,15
BRDA:9,0,1,9
BRDA:11,1,0,15
BRDA:11,1,1,12
BRDA:27,2,0,2
BRDA:27,2,1,3
BRDA:32,3,0,1
BRDA:32,3,1,2
BRF:8
BRH:8
end_of_record
TN:
SF:/home/labber/scheduler/src/components/Appointment/Header.js
FN:3,Header
FNF:1
FNH:1
FNDA:16,Header
DA:4,16
LF:1
LH:1
BRF:0
BRH:0
end_of_record
TN:
SF:/home/labber/scheduler/src/components/Appointment/Show.js
FN:3,Show
FNF:1
FNH:1
FNDA:4,Show
DA:4,4
LF:1
LH:1
BRDA:11,0,0,4
BRDA:11,0,1,4
BRF:2
BRH:2
end_of_record
TN:
SF:/home/labber/scheduler/src/components/Appointment/Status.js
FN:3,Status
FNF:1
FNH:1
FNDA:3,Status
DA:4,3
LF:1
LH:1
BRF:0
BRH:0
end_of_record
TN:
SF:/home/labber/scheduler/src/components/Appointment/index.js
FN:24,Appointment
FN:30,save
FN:40,(anonymous_2)
FN:41,(anonymous_3)
FN:44,destroy
FN:48,(anonymous_5)
FN:49,(anonymous_6)
FN:55,(anonymous_7)
FN:60,(anonymous_8)
FN:61,(anonymous_9)
FN:67,(anonymous_10)
FN:68,(anonymous_11)
FN:79,(anonymous_12)
FN:80,(anonymous_13)
FN:86,(anonymous_14)
FN:87,(anonymous_15)
FN:91,(anonymous_16)
FN:94,(anonymous_17)
FNF:18
FNH:5
FNDA:16,Appointment
FNDA:1,save
FNDA:1,(anonymous_2)
FNDA:0,(anonymous_3)
FNDA:0,destroy
FNDA:0,(anonymous_5)
FNDA:0,(anonymous_6)
FNDA:1,(anonymous_7)
FNDA:0,(anonymous_8)
FNDA:0,(anonymous_9)
FNDA:0,(anonymous_10)
FNDA:1,(anonymous_11)
FNDA:0,(anonymous_12)
FNDA:0,(anonymous_13)
FNDA:0,(anonymous_14)
FNDA:0,(anonymous_15)
FNDA:0,(anonymous_16)
FNDA:0,(anonymous_17)
DA:14,2
DA:15,2
DA:16,2
DA:17,2
DA:18,2
DA:19,2
DA:20,2
DA:21,2
DA:22,2
DA:26,16
DA:31,1
DA:35,1
DA:36,1
DA:38,1
DA:40,1
DA:41,0
DA:45,0
DA:46,0
DA:48,0
DA:49,0
DA:52,16
DA:55,1
DA:60,0
DA:61,0
DA:67,0
DA:68,1
DA:79,0
DA:80,0
DA:86,0
DA:87,0
DA:91,0
DA:94,0
LF:32
LH:18
BRDA:27,0,0,6
BRDA:27,0,1,10
BRDA:55,1,0,16
BRDA:55,1,1,8
BRDA:56,2,0,16
BRDA:56,2,1,4
BRDA:64,3,0,16
BRDA:64,3,1,1
BRDA:71,4,0,16
BRDA:71,4,1,3
BRDA:74,5,0,16
BRDA:74,5,1,0
BRDA:82,6,0,16
BRDA:82,6,1,0
BRDA:83,7,0,16
BRDA:83,7,1,0
BRDA:90,8,0,16
BRDA:90,8,1,0
BRDA:93,9,0,16
BRDA:93,9,1,0
BRF:20
BRH:15
end_of_record
TN:
SF:/home/labber/scheduler/src/helpers/selectors.js
FN:1,getAppointmentsForDay
FN:2,(anonymous_1)
FN:6,(anonymous_2)
FN:9,getInterviewersForDay
FN:10,(anonymous_4)
FN:14,(anonymous_5)
FN:17,getInterview
FNF:7
FNH:7
FNDA:10,getAppointmentsForDay
FNDA:9,(anonymous_1)
FNDA:14,(anonymous_2)
FNDA:10,getInterviewersForDay
FNDA:9,(anonymous_4)
FNDA:12,(anonymous_5)
FNDA:8,getInterview
DA:2,10
DA:4,10
DA:6,14
DA:10,10
DA:12,10
DA:14,12
DA:18,8
LF:7
LH:7
BRDA:4,0,0,4
BRDA:4,0,1,6
BRDA:4,1,0,10
BRDA:4,1,1,7
BRDA:12,2,0,4
BRDA:12,2,1,6
BRDA:12,3,0,10
BRDA:12,3,1,7
BRDA:19,4,0,8
BRDA:19,4,1,5
BRF:10
BRH:10
end_of_record
TN:
SF:/home/labber/scheduler/src/hooks/useApplicationData.js
FN:13,useApplicationData
FN:21,(anonymous_1)
FN:23,(anonymous_2)
FN:29,(anonymous_3)
FN:41,bookInterview
FN:42,(anonymous_5)
FN:51,cancelInterview
FN:52,(anonymous_7)
FNF:8
FNH:5
FNDA:5,useApplicationData
FNDA:0,(anonymous_1)
FNDA:2,(anonymous_2)
FNDA:2,(anonymous_3)
FNDA:1,bookInterview
FNDA:1,(anonymous_5)
FNDA:0,cancelInterview
FNDA:0,(anonymous_7)
DA:14,5
DA:21,5
DA:23,5
DA:24,2
DA:30,2
DA:39,5
DA:42,1
DA:43,1
DA:52,0
DA:53,0
DA:61,5
LF:11
LH:9
BRF:0
BRH:0
end_of_record
TN:
SF:/home/labber/scheduler/src/hooks/useRealtimeUpdate.js
FN:4,useRealtimeUpdate
FN:5,(anonymous_1)
FN:8,(anonymous_2)
FN:16,(anonymous_3)
FNF:4
FNH:3
FNDA:5,useRealtimeUpdate
FNDA:2,(anonymous_1)
FNDA:0,(anonymous_2)
FNDA:2,(anonymous_3)
DA:5,5
DA:6,2
DA:8,2
DA:9,0
DA:11,0
DA:12,0
DA:16,2
DA:17,2
LF:8
LH:5
BRDA:11,0,0,0
BRDA:11,0,1,0
BRDA:11,1,0,0
BRDA:11,1,1,0
BRF:4
BRH:0
end_of_record
TN:
SF:/home/labber/scheduler/src/hooks/useVisualMode.js
FN:3,useVisualMode
FN:7,(anonymous_1)
FN:10,(anonymous_2)
FN:13,back
FN:15,(anonymous_4)
FNF:5
FNH:5
FNDA:30,useVisualMode
FNDA:8,(anonymous_1)
FNDA:8,(anonymous_2)
FNDA:4,back
FNDA:4,(anonymous_4)
DA:4,30
DA:5,30
DA:7,30
DA:8,8
DA:10,8
DA:14,4
DA:15,4
DA:18,30
LF:8
LH:8
BRDA:7,0,0,7
BRDA:10,1,0,1
BRDA:10,1,1,7
BRDA:14,2,0,4
BRDA:14,2,1,0
BRDA:18,3,0,29
BRDA:18,3,1,1
BRF:7
BRH:6
end_of_record
TN:
SF:/home/labber/scheduler/src/reducers/application.js
FN:5,reducer
FN:27,(anonymous_1)
FN:30,(anonymous_2)
FN:34,(anonymous_3)
FNF:4
FNH:4
FNDA:4,reducer
FNDA:1,(anonymous_1)
FNDA:2,(anonymous_2)
FNDA:2,(anonymous_3)
DA:1,2
DA:2,2
DA:3,2
DA:6,4
DA:8,0
DA:10,2
DA:17,1
DA:22,1
DA:27,1
DA:28,1
DA:30,2
DA:34,1
DA:35,2
DA:43,1
DA:50,1
LF:15
LH:14
BRDA:6,0,0,0
BRDA:6,0,1,2
BRDA:6,0,2,1
BRDA:6,0,3,1
BRDA:19,1,0,1
BRDA:19,1,1,1
BRDA:30,2,0,2
BRDA:30,2,1,0
BRDA:35,3,0,1
BRDA:35,3,1,1
BRF:10
BRH:8
end_of_record
